0 info it worked if it ends with ok
1 verbose cli [ '/usr/local/bin/node',
1 verbose cli   '/usr/local/bin/npm',
1 verbose cli   'install',
1 verbose cli   '../promise-task-runner' ]
2 info using npm@1.4.28
3 info using node@v0.10.33
4 warn package.json promise-task-runner-ex1@1.0.0 No description
5 warn package.json promise-task-runner-ex1@1.0.0 No README data
6 verbose readDependencies using package.json deps
7 verbose cache add [ '../promise-task-runner', null ]
8 verbose cache add name=undefined spec="../promise-task-runner" args=["../promise-task-runner",null]
9 verbose parsed url { protocol: null,
9 verbose parsed url   slashes: null,
9 verbose parsed url   auth: null,
9 verbose parsed url   host: null,
9 verbose parsed url   port: null,
9 verbose parsed url   hostname: null,
9 verbose parsed url   hash: null,
9 verbose parsed url   search: null,
9 verbose parsed url   query: null,
9 verbose parsed url   pathname: '../promise-task-runner',
9 verbose parsed url   path: '../promise-task-runner',
9 verbose parsed url   href: '../promise-task-runner' }
10 silly lockFile e1d5bbc6-promise-task-runner ../promise-task-runner
11 verbose lock ../promise-task-runner /home/phil/.npm/e1d5bbc6-promise-task-runner.lock
12 verbose tar pack [ '/home/phil/.npm/promise-task-runner/0.0.1/package.tgz',
12 verbose tar pack   '../promise-task-runner' ]
13 verbose tarball /home/phil/.npm/promise-task-runner/0.0.1/package.tgz
14 verbose folder ../promise-task-runner
15 info prepublish promise-task-runner@0.0.1
16 silly lockFile 83582c69-tar-promise-task-runner tar://../promise-task-runner
17 verbose lock tar://../promise-task-runner /home/phil/.npm/83582c69-tar-promise-task-runner.lock
18 silly lockFile 747a9f49-se-task-runner-0-0-1-package-tgz tar:///home/phil/.npm/promise-task-runner/0.0.1/package.tgz
19 verbose lock tar:///home/phil/.npm/promise-task-runner/0.0.1/package.tgz /home/phil/.npm/747a9f49-se-task-runner-0-0-1-package-tgz.lock
20 silly lockFile 83582c69-tar-promise-task-runner tar://../promise-task-runner
21 silly lockFile 83582c69-tar-promise-task-runner tar://../promise-task-runner
22 silly lockFile 747a9f49-se-task-runner-0-0-1-package-tgz tar:///home/phil/.npm/promise-task-runner/0.0.1/package.tgz
23 silly lockFile 747a9f49-se-task-runner-0-0-1-package-tgz tar:///home/phil/.npm/promise-task-runner/0.0.1/package.tgz
24 silly lockFile 193103dd-romise-task-runner-0-0-1-package /home/phil/.npm/promise-task-runner/0.0.1/package
25 verbose lock /home/phil/.npm/promise-task-runner/0.0.1/package /home/phil/.npm/193103dd-romise-task-runner-0-0-1-package.lock
26 silly lockFile 193103dd-romise-task-runner-0-0-1-package /home/phil/.npm/promise-task-runner/0.0.1/package
27 silly lockFile 193103dd-romise-task-runner-0-0-1-package /home/phil/.npm/promise-task-runner/0.0.1/package
28 silly lockFile e1d5bbc6-promise-task-runner ../promise-task-runner
29 silly lockFile e1d5bbc6-promise-task-runner ../promise-task-runner
30 error addLocal Could not install ../promise-task-runner
31 error Error: EACCES, open '/home/phil/.npm/promise-task-runner/0.0.1/package/package.json'
31 error  { [Error: EACCES, open '/home/phil/.npm/promise-task-runner/0.0.1/package/package.json']
31 error   errno: 3,
31 error   code: 'EACCES',
31 error   path: '/home/phil/.npm/promise-task-runner/0.0.1/package/package.json',
31 error   parent: 'promise-task-runner-ex1' }
32 error Please try running this command again as root/Administrator.
33 error System Linux 3.16.0-30-generic
34 error command "/usr/local/bin/node" "/usr/local/bin/npm" "install" "../promise-task-runner"
35 error cwd /home/phil/misc-git-repos/my-repos/promise-task-runner-ex1
36 error node -v v0.10.33
37 error npm -v 1.4.28
38 error path /home/phil/.npm/promise-task-runner/0.0.1/package/package.json
39 error code EACCES
40 error errno 3
41 error stack Error: EACCES, open '/home/phil/.npm/promise-task-runner/0.0.1/package/package.json'
42 verbose exit [ 3, true ]
